# JRE version: Java(TM) SE Runtime Environment (21.0.2+13) (build 21.0.2+13-LTS-58)
# Java VM: Java HotSpot(TM) 64-Bit Server VM (21.0.2+13-LTS-58, mixed mode, sharing, tiered, compressed oops, compressed class ptrs, g1 gc, windows-amd64)
GC Precious Log:
 CardTable entry size: 512
 Card Set container configuration: InlinePtr #cards 4 size 8 Array Of Cards #cards 16 size 48 Howl #buckets 8 coarsen threshold 3686 Howl Bitmap #cards 512 size 80 coarsen threshold 460 Card regions per heap region 1 cards per card region 4096
 CPUs: 16 total, 16 available
 Memory: 16088M
 Large Page Support: Disabled
 NUMA Support: Disabled
 Compressed Oops: Enabled (Zero based)
 Heap Region Size: 2M
 Heap Min Capacity: 8M
 Heap Initial Capacity: 252M
 Heap Max Capacity: 4024M
 Pre-touch: Disabled
 Parallel Workers: 13
 Concurrent Workers: 3
 Concurrent Refinement Workers: 13
 Periodic GC: Disabled
Heap:
 garbage-first heap   total 90112K, used 50027K [0x0000000704800000, 0x0000000800000000)
  region size 2048K, 10 young (20480K), 2 survivors (4096K)
 Metaspace       used 83761K, committed 84608K, reserved 1179648K
  class space    used 11127K, committed 11520K, reserved 1048576K
GC Heap History (20 events):
Event: 3381.627 GC heap after
{Heap after GC invocations=31 (full 5):
 garbage-first heap   total 90112K, used 34139K [0x0000000704800000, 0x0000000800000000)
  region size 2048K, 2 young (4096K), 2 survivors (4096K)
 Metaspace       used 83169K, committed 83968K, reserved 1179648K
  class space    used 11098K, committed 11456K, reserved 1048576K
}
Event: 3382.384 GC heap before
{Heap before GC invocations=31 (full 5):
 garbage-first heap   total 90112K, used 75099K [0x0000000704800000, 0x0000000800000000)
  region size 2048K, 22 young (45056K), 2 survivors (4096K)
 Metaspace       used 83649K, committed 84544K, reserved 1179648K
  class space    used 11124K, committed 11520K, reserved 1048576K
}
Event: 3382.390 GC heap after
{Heap after GC invocations=32 (full 5):
 garbage-first heap   total 90112K, used 35738K [0x0000000704800000, 0x0000000800000000)
  region size 2048K, 2 young (4096K), 2 survivors (4096K)
 Metaspace       used 83649K, committed 84544K, reserved 1179648K
  class space    used 11124K, committed 11520K, reserved 1048576K
}
Event: 4561.106 GC heap before
{Heap before GC invocations=32 (full 5):
 garbage-first heap   total 90112K, used 72602K [0x0000000704800000, 0x0000000800000000)
  region size 2048K, 20 young (40960K), 2 survivors (4096K)
 Metaspace       used 83656K, committed 84544K, reserved 1179648K
  class space    used 11124K, committed 11520K, reserved 1048576K
}
Event: 4561.167 GC heap after
{Heap after GC invocations=33 (full 5):
 garbage-first heap   total 90112K, used 35945K [0x0000000704800000, 0x0000000800000000)
  region size 2048K, 2 young (4096K), 2 survivors (4096K)
 Metaspace       used 83656K, committed 84544K, reserved 1179648K
  class space    used 11124K, committed 11520K, reserved 1048576K
}
Event: 5671.751 GC heap before
{Heap before GC invocations=33 (full 5):
 garbage-first heap   total 90112K, used 72809K [0x0000000704800000, 0x0000000800000000)
  region size 2048K, 20 young (40960K), 2 survivors (4096K)
 Metaspace       used 83690K, committed 84544K, reserved 1179648K
  class space    used 11124K, committed 11520K, reserved 1048576K
}
Event: 5671.765 GC heap after
{Heap after GC invocations=34 (full 5):
 garbage-first heap   total 90112K, used 35863K [0x0000000704800000, 0x0000000800000000)
  region size 2048K, 2 young (4096K), 2 survivors (4096K)
 Metaspace       used 83690K, committed 84544K, reserved 1179648K
  class space    used 11124K, committed 11520K, reserved 1048576K
}
Event: 6899.231 GC heap before
{Heap before GC invocations=34 (full 5):
 garbage-first heap   total 90112K, used 72727K [0x0000000704800000, 0x0000000800000000)
  region size 2048K, 20 young (40960K), 2 survivors (4096K)
 Metaspace       used 83690K, committed 84544K, reserved 1179648K
  class space    used 11124K, committed 11520K, reserved 1048576K
}
Event: 6899.244 GC heap after
{Heap after GC invocations=35 (full 5):
 garbage-first heap   total 90112K, used 35799K [0x0000000704800000, 0x0000000800000000)
  region size 2048K, 2 young (4096K), 2 survivors (4096K)
 Metaspace       used 83690K, committed 84544K, reserved 1179648K
  class space    used 11124K, committed 11520K, reserved 1048576K
}
Event: 8001.598 GC heap before
{Heap before GC invocations=35 (full 5):
 garbage-first heap   total 90112K, used 72663K [0x0000000704800000, 0x0000000800000000)
  region size 2048K, 20 young (40960K), 2 survivors (4096K)
 Metaspace       used 83724K, committed 84544K, reserved 1179648K
  class space    used 11124K, committed 11520K, reserved 1048576K
}
Event: 8001.616 GC heap after
{Heap after GC invocations=36 (full 5):
 garbage-first heap   total 90112K, used 35860K [0x0000000704800000, 0x0000000800000000)
  region size 2048K, 2 young (4096K), 2 survivors (4096K)
 Metaspace       used 83724K, committed 84544K, reserved 1179648K
  class space    used 11124K, committed 11520K, reserved 1048576K
}
Event: 9106.167 GC heap before
{Heap before GC invocations=36 (full 5):
 garbage-first heap   total 90112K, used 72724K [0x0000000704800000, 0x0000000800000000)
  region size 2048K, 20 young (40960K), 2 survivors (4096K)
 Metaspace       used 83727K, committed 84608K, reserved 1179648K
  class space    used 11124K, committed 11520K, reserved 1048576K
}
Event: 9106.190 GC heap after
{Heap after GC invocations=37 (full 5):
 garbage-first heap   total 90112K, used 35683K [0x0000000704800000, 0x0000000800000000)
  region size 2048K, 2 young (4096K), 2 survivors (4096K)
 Metaspace       used 83727K, committed 84608K, reserved 1179648K
  class space    used 11124K, committed 11520K, reserved 1048576K
}
Event: 10336.884 GC heap before
{Heap before GC invocations=37 (full 5):
 garbage-first heap   total 90112K, used 72547K [0x0000000704800000, 0x0000000800000000)
  region size 2048K, 20 young (40960K), 2 survivors (4096K)
 Metaspace       used 83727K, committed 84608K, reserved 1179648K
  class space    used 11124K, committed 11520K, reserved 1048576K
}
Event: 10336.898 GC heap after
{Heap after GC invocations=38 (full 5):
 garbage-first heap   total 90112K, used 35654K [0x0000000704800000, 0x0000000800000000)
  region size 2048K, 2 young (4096K), 2 survivors (4096K)
 Metaspace       used 83727K, committed 84608K, reserved 1179648K
  class space    used 11124K, committed 11520K, reserved 1048576K
}
Event: 11422.833 GC heap before
{Heap before GC invocations=38 (full 5):
 garbage-first heap   total 90112K, used 72518K [0x0000000704800000, 0x0000000800000000)
  region size 2048K, 20 young (40960K), 2 survivors (4096K)
 Metaspace       used 83733K, committed 84608K, reserved 1179648K
  class space    used 11125K, committed 11520K, reserved 1048576K
}
Event: 11422.847 GC heap after
{Heap after GC invocations=39 (full 5):
 garbage-first heap   total 90112K, used 35539K [0x0000000704800000, 0x0000000800000000)
  region size 2048K, 2 young (4096K), 2 survivors (4096K)
 Metaspace       used 83733K, committed 84608K, reserved 1179648K
  class space    used 11125K, committed 11520K, reserved 1048576K
}
Event: 12526.555 GC heap before
{Heap before GC invocations=39 (full 5):
 garbage-first heap   total 90112K, used 72403K [0x0000000704800000, 0x0000000800000000)
  region size 2048K, 20 young (40960K), 2 survivors (4096K)
 Metaspace       used 83744K, committed 84608K, reserved 1179648K
  class space    used 11125K, committed 11520K, reserved 1048576K
}
Event: 12526.572 GC heap after
{Heap after GC invocations=40 (full 5):
 garbage-first heap   total 90112K, used 35691K [0x0000000704800000, 0x0000000800000000)
  region size 2048K, 2 young (4096K), 2 survivors (4096K)
 Metaspace       used 83744K, committed 84608K, reserved 1179648K
  class space    used 11125K, committed 11520K, reserved 1048576K
}
Event: 12963.113 GC heap before
{Heap before GC invocations=40 (full 5):
 garbage-first heap   total 90112K, used 50027K [0x0000000704800000, 0x0000000800000000)
  region size 2048K, 10 young (20480K), 2 survivors (4096K)
 Metaspace       used 83761K, committed 84608K, reserved 1179648K
  class space    used 11127K, committed 11520K, reserved 1048576K
}

